Using pre-set license

 COMMAND LINE ARGUMENTS:
/Applications/Unity/Hub/Editor/2021.1.4f1/Unity.app/Contents/MacOS/Unity
-adb2
-batchMode
-noUpm
-name
AssetImportWorker0
-projectPath
/Users/stel/Po패s/PUC-PR_pos_app_development/Classes/Games/Aula03
-logFile
Logs/AssetImportWorker0.log
-srvPort
56371
Successfully changed project path to: /Users/stel/Po패s/PUC-PR_pos_app_development/Classes/Games/Aula03
/Users/stel/Po패s/PUC-PR_pos_app_development/Classes/Games/Aula03
Using Asset Import Pipeline V2.
Refreshing native plugins compatible for Editor in 78.29 ms, found 1 plugins.
Preloading 0 native plugins for Editor in 0.00 ms.
Initialize engine version: 2021.1.4f1 (4cd64a618c1b)
[Subsystems] Discovering subsystems at path /Applications/Unity/Hub/Editor/2021.1.4f1/Unity.app/Contents/Resources/UnitySubsystems
[Subsystems] Discovering subsystems at path /Users/stel/P칩s/PUC-PR_pos_app_development/Classes/Games/Aula03/Assets
GfxDevice: creating device client; threaded=0; jobified=0
2021-05-08 13:51:57.052 Unity[9854:313065] LG FULL HD preferred device: AMD Radeon Pro 5300M (high power)
2021-05-08 13:51:57.052 Unity[9854:313065] Metal devices available: 2
2021-05-08 13:51:57.052 Unity[9854:313065] 0: AMD Radeon Pro 5300M (high power)
2021-05-08 13:51:57.052 Unity[9854:313065] 1: Intel(R) UHD Graphics 630 (low power)
2021-05-08 13:51:57.052 Unity[9854:313065] Using device AMD Radeon Pro 5300M (high power)
Initializing Metal device caps: AMD Radeon Pro 5300M
Initialize mono
Mono path[0] = '/Applications/Unity/Hub/Editor/2021.1.4f1/Unity.app/Contents/Managed'
Mono path[1] = '/Applications/Unity/Hub/Editor/2021.1.4f1/Unity.app/Contents/MonoBleedingEdge/lib/mono/unityjit'
Mono config path = '/Applications/Unity/Hub/Editor/2021.1.4f1/Unity.app/Contents/MonoBleedingEdge/etc'
Using monoOptions --debugger-agent=transport=dt_socket,embedding=1,server=y,suspend=n,address=127.0.0.1:56854
Begin MonoManager ReloadAssembly
Registering precompiled unity dll's ...
Register platform support module: /Applications/Unity/Hub/Editor/2021.1.4f1/Unity.app/Contents/PlaybackEngines/MacStandaloneSupport/UnityEditor.OSXStandalone.Extensions.dll
Registered in 0.000522 seconds.
Native extension for OSXStandalone target not found
Refreshing native plugins compatible for Editor in 82.92 ms, found 1 plugins.
Preloading 0 native plugins for Editor in 0.00 ms.
Mono: successfully reloaded assembly
- Completed reload, in  3.013 seconds
Platform modules already initialized, skipping
Registering precompiled user dll's ...
Registered in 0.001475 seconds.
Begin MonoManager ReloadAssembly
Native extension for OSXStandalone target not found
Refreshing native plugins compatible for Editor in 0.46 ms, found 1 plugins.
Preloading 0 native plugins for Editor in 0.00 ms.
Mono: successfully reloaded assembly
- Completed reload, in  1.136 seconds
Platform modules already initialized, skipping
========================================================================
Worker process is ready to serve import requests
Launching external process: /Applications/Unity/Hub/Editor/2021.1.4f1/Unity.app/Contents/Tools/UnityShaderCompiler
Launched and connected shader compiler UnityShaderCompiler after 0.02 seconds
Refreshing native plugins compatible for Editor in 0.45 ms, found 1 plugins.
Preloading 0 native plugins for Editor in 0.00 ms.
Unloading 2665 Unused Serialized files (Serialized files now loaded: 0)
System memory in use before: 168.3 MB.
System memory in use after: 168.4 MB.

Unloading 15 unused Assets to reduce memory usage. Loaded Objects now: 3117.
Total: 2.187730 ms (FindLiveObjects: 0.219801 ms CreateObjectMapping: 0.126622 ms MarkObjects: 1.762944 ms  DeleteObjects: 0.077546 ms)

========================================================================
Received Import Request.
  path: Assets
  artifactKey: Guid(00000000000000001000000000000000) Importer(815301076,1909f56bfc062723c751e8b465ee728b)
Start importing Assets using Guid(00000000000000001000000000000000) Importer(815301076,1909f56bfc062723c751e8b465ee728b)  -> (artifact id: '9222b99937b918022a9cc33b6e833563') in 0.004638 seconds 
========================================================================
Received Import Request.
  Time since last request: 2.761615 seconds.
  path: Assets/Prefabs
  artifactKey: Guid(f019a21d2bf38482facabac260369773) Importer(815301076,1909f56bfc062723c751e8b465ee728b)
Start importing Assets/Prefabs using Guid(f019a21d2bf38482facabac260369773) Importer(815301076,1909f56bfc062723c751e8b465ee728b)  -> (artifact id: '1d116425c5cb2850036cc64849f934d1') in 0.002464 seconds 
========================================================================
Received Import Request.
  Time since last request: 3.336044 seconds.
  path: Assets/Prefabs/Tank.prefab
  artifactKey: Guid(34da172fb41164150a0a700e69efc19e) Importer(815301076,1909f56bfc062723c751e8b465ee728b)
Start importing Assets/Prefabs/Tank.prefab using Guid(34da172fb41164150a0a700e69efc19e) Importer(815301076,1909f56bfc062723c751e8b465ee728b)  -> (artifact id: '2ba7589937c6f924030f020f9dc158c5') in 1.842038 seconds 
========================================================================
Received Import Request.
  Time since last request: 61.524109 seconds.
  path: Assets/Materials
  artifactKey: Guid(acd42ec6e5d124d599155261db422716) Importer(815301076,1909f56bfc062723c751e8b465ee728b)
Start importing Assets/Materials using Guid(acd42ec6e5d124d599155261db422716) Importer(815301076,1909f56bfc062723c751e8b465ee728b)  -> (artifact id: '085a35e159b5a7ec83cbe90823bc56b7') in 0.002308 seconds 
========================================================================
Received Import Request.
  Time since last request: 757.864768 seconds.
  path: Assets/Low Poly Fruits/Prefabs/banana.prefab
  artifactKey: Guid(3ce32ffa6ccf60e4ab65d9e396f43433) Importer(815301076,1909f56bfc062723c751e8b465ee728b)
Start importing Assets/Low Poly Fruits/Prefabs/banana.prefab using Guid(3ce32ffa6ccf60e4ab65d9e396f43433) Importer(815301076,1909f56bfc062723c751e8b465ee728b)  -> (artifact id: '8684bad8f4c5d27911ef3a13e36073db') in 0.015911 seconds 
========================================================================
Received Import Request.
  Time since last request: 39.885298 seconds.
  path: Assets/Low Poly Fruits/Prefabs
  artifactKey: Guid(2a0a0d1b87e1355408a16a42cc128fb2) Importer(815301076,1909f56bfc062723c751e8b465ee728b)
Start importing Assets/Low Poly Fruits/Prefabs using Guid(2a0a0d1b87e1355408a16a42cc128fb2) Importer(815301076,1909f56bfc062723c751e8b465ee728b)  -> (artifact id: '7fe11d065ba0b075b3a4da7e5bdb7fe8') in 0.001169 seconds 
========================================================================
Received Prepare
Registering precompiled user dll's ...
Registered in 0.002121 seconds.
Begin MonoManager ReloadAssembly
Native extension for OSXStandalone target not found
Refreshing native plugins compatible for Editor in 0.47 ms, found 1 plugins.
Preloading 0 native plugins for Editor in 0.00 ms.
Mono: successfully reloaded assembly
- Completed reload, in  1.238 seconds
Platform modules already initialized, skipping
Refreshing native plugins compatible for Editor in 0.49 ms, found 1 plugins.
Preloading 0 native plugins for Editor in 0.00 ms.
Unloading 2661 Unused Serialized files (Serialized files now loaded: 0)
System memory in use before: 176.8 MB.
System memory in use after: 177.0 MB.

Unloading 11 unused Assets to reduce memory usage. Loaded Objects now: 3131.
Total: 2.413178 ms (FindLiveObjects: 0.281778 ms CreateObjectMapping: 0.157049 ms MarkObjects: 1.889779 ms  DeleteObjects: 0.083349 ms)

========================================================================
Received Import Request.
  Time since last request: 1359.714834 seconds.
  path: Assets/Scripts
  artifactKey: Guid(e49d53b5f1a7048dcaebbf8f5d203841) Importer(815301076,1909f56bfc062723c751e8b465ee728b)
Start importing Assets/Scripts using Guid(e49d53b5f1a7048dcaebbf8f5d203841) Importer(815301076,1909f56bfc062723c751e8b465ee728b)  -> (artifact id: '52f5b5feb036b152b12135c51edd4bfa') in 0.010435 seconds 
========================================================================
Received Import Request.
  Time since last request: 8.269609 seconds.
  path: Assets/Scripts/Cannon.cs
  artifactKey: Guid(5ca32083a23ec4eb79f9e0a7ca1de79d) Importer(815301076,1909f56bfc062723c751e8b465ee728b)
Start importing Assets/Scripts/Cannon.cs using Guid(5ca32083a23ec4eb79f9e0a7ca1de79d) Importer(815301076,1909f56bfc062723c751e8b465ee728b)  -> (artifact id: '01ce06ae394ebf70ed5e449d37c4916a') in 0.457331 seconds 
========================================================================
Received Prepare
Registering precompiled user dll's ...
Registered in 0.002587 seconds.
Begin MonoManager ReloadAssembly
Native extension for OSXStandalone target not found
Refreshing native plugins compatible for Editor in 0.43 ms, found 1 plugins.
Preloading 0 native plugins for Editor in 0.00 ms.
Mono: successfully reloaded assembly
- Completed reload, in  1.204 seconds
Platform modules already initialized, skipping
Refreshing native plugins compatible for Editor in 0.49 ms, found 1 plugins.
Preloading 0 native plugins for Editor in 0.00 ms.
Unloading 2662 Unused Serialized files (Serialized files now loaded: 0)
System memory in use before: 181.3 MB.
System memory in use after: 181.5 MB.

Unloading 10 unused Assets to reduce memory usage. Loaded Objects now: 3135.
Total: 2.976140 ms (FindLiveObjects: 0.230614 ms CreateObjectMapping: 0.143379 ms MarkObjects: 2.541180 ms  DeleteObjects: 0.059621 ms)

========================================================================
Received Prepare
Registering precompiled user dll's ...
Registered in 0.001971 seconds.
Begin MonoManager ReloadAssembly
Native extension for OSXStandalone target not found
Refreshing native plugins compatible for Editor in 0.77 ms, found 1 plugins.
Preloading 0 native plugins for Editor in 0.00 ms.
Mono: successfully reloaded assembly
- Completed reload, in  1.454 seconds
Platform modules already initialized, skipping
Refreshing native plugins compatible for Editor in 0.49 ms, found 1 plugins.
Preloading 0 native plugins for Editor in 0.00 ms.
Unloading 2662 Unused Serialized files (Serialized files now loaded: 0)
System memory in use before: 181.5 MB.
System memory in use after: 181.7 MB.

Unloading 10 unused Assets to reduce memory usage. Loaded Objects now: 3138.
Total: 2.240168 ms (FindLiveObjects: 0.241056 ms CreateObjectMapping: 0.104739 ms MarkObjects: 1.826865 ms  DeleteObjects: 0.066703 ms)

========================================================================
Received Import Request.
  Time since last request: 1212.232549 seconds.
  path: Assets/Scripts/Cannon.cs
  artifactKey: Guid(5ca32083a23ec4eb79f9e0a7ca1de79d) Importer(815301076,1909f56bfc062723c751e8b465ee728b)
Start importing Assets/Scripts/Cannon.cs using Guid(5ca32083a23ec4eb79f9e0a7ca1de79d) Importer(815301076,1909f56bfc062723c751e8b465ee728b)  -> (artifact id: 'b14ad2c754544a0d6b87bf2741f6b150') in 0.010905 seconds 
========================================================================
Received Prepare
Registering precompiled user dll's ...
Registered in 0.005837 seconds.
Begin MonoManager ReloadAssembly
Native extension for OSXStandalone target not found
Refreshing native plugins compatible for Editor in 0.53 ms, found 1 plugins.
Preloading 0 native plugins for Editor in 0.00 ms.
Mono: successfully reloaded assembly
- Completed reload, in  1.277 seconds
Platform modules already initialized, skipping
Refreshing native plugins compatible for Editor in 0.56 ms, found 1 plugins.
Preloading 0 native plugins for Editor in 0.00 ms.
Unloading 2662 Unused Serialized files (Serialized files now loaded: 0)
System memory in use before: 181.7 MB.
System memory in use after: 181.9 MB.

Unloading 10 unused Assets to reduce memory usage. Loaded Objects now: 3141.
Total: 2.531890 ms (FindLiveObjects: 0.270989 ms CreateObjectMapping: 0.197700 ms MarkObjects: 2.011185 ms  DeleteObjects: 0.050844 ms)

========================================================================
Received Prepare
Registering precompiled user dll's ...
Registered in 0.005865 seconds.
Begin MonoManager ReloadAssembly
Native extension for OSXStandalone target not found
Refreshing native plugins compatible for Editor in 0.47 ms, found 1 plugins.
Preloading 0 native plugins for Editor in 0.00 ms.
Mono: successfully reloaded assembly
- Completed reload, in  1.164 seconds
Platform modules already initialized, skipping
Refreshing native plugins compatible for Editor in 0.49 ms, found 1 plugins.
Preloading 0 native plugins for Editor in 0.00 ms.
Unloading 2662 Unused Serialized files (Serialized files now loaded: 0)
System memory in use before: 181.9 MB.
System memory in use after: 182.1 MB.

Unloading 10 unused Assets to reduce memory usage. Loaded Objects now: 3144.
Total: 1.802262 ms (FindLiveObjects: 0.206526 ms CreateObjectMapping: 0.118497 ms MarkObjects: 1.433923 ms  DeleteObjects: 0.042538 ms)

========================================================================
Received Prepare
Registering precompiled user dll's ...
Registered in 0.001898 seconds.
Begin MonoManager ReloadAssembly
Native extension for OSXStandalone target not found
Refreshing native plugins compatible for Editor in 0.76 ms, found 1 plugins.
Preloading 0 native plugins for Editor in 0.00 ms.
Mono: successfully reloaded assembly
- Completed reload, in  1.157 seconds
Platform modules already initialized, skipping
Refreshing native plugins compatible for Editor in 0.62 ms, found 1 plugins.
Preloading 0 native plugins for Editor in 0.00 ms.
Unloading 2662 Unused Serialized files (Serialized files now loaded: 0)
System memory in use before: 182.1 MB.
System memory in use after: 182.3 MB.

Unloading 10 unused Assets to reduce memory usage. Loaded Objects now: 3147.
Total: 2.253231 ms (FindLiveObjects: 0.240165 ms CreateObjectMapping: 0.143910 ms MarkObjects: 1.818299 ms  DeleteObjects: 0.050052 ms)

========================================================================
Received Import Request.
  Time since last request: 197.987868 seconds.
  path: Assets/Scripts/Cannon.cs
  artifactKey: Guid(5ca32083a23ec4eb79f9e0a7ca1de79d) Importer(815301076,1909f56bfc062723c751e8b465ee728b)
Start importing Assets/Scripts/Cannon.cs using Guid(5ca32083a23ec4eb79f9e0a7ca1de79d) Importer(815301076,1909f56bfc062723c751e8b465ee728b)  -> (artifact id: '16e2222913193d9388d3f1d4c69154fb') in 0.008734 seconds 
========================================================================
Received Prepare
Registering precompiled user dll's ...
Registered in 0.001739 seconds.
Begin MonoManager ReloadAssembly
Native extension for OSXStandalone target not found
Refreshing native plugins compatible for Editor in 0.45 ms, found 1 plugins.
Preloading 0 native plugins for Editor in 0.00 ms.
Mono: successfully reloaded assembly
- Completed reload, in  1.175 seconds
Platform modules already initialized, skipping
Refreshing native plugins compatible for Editor in 0.46 ms, found 1 plugins.
Preloading 0 native plugins for Editor in 0.00 ms.
Unloading 2662 Unused Serialized files (Serialized files now loaded: 0)
System memory in use before: 182.3 MB.
System memory in use after: 182.5 MB.

Unloading 10 unused Assets to reduce memory usage. Loaded Objects now: 3150.
Total: 2.176492 ms (FindLiveObjects: 0.249216 ms CreateObjectMapping: 0.169966 ms MarkObjects: 1.708389 ms  DeleteObjects: 0.047971 ms)

========================================================================
Received Prepare
Registering precompiled user dll's ...
Registered in 0.001724 seconds.
Begin MonoManager ReloadAssembly
Native extension for OSXStandalone target not found
Refreshing native plugins compatible for Editor in 0.50 ms, found 1 plugins.
Preloading 0 native plugins for Editor in 0.00 ms.
Mono: successfully reloaded assembly
- Completed reload, in  1.247 seconds
Platform modules already initialized, skipping
Refreshing native plugins compatible for Editor in 0.57 ms, found 1 plugins.
Preloading 0 native plugins for Editor in 0.00 ms.
Unloading 2662 Unused Serialized files (Serialized files now loaded: 0)
System memory in use before: 182.5 MB.
System memory in use after: 182.7 MB.

Unloading 10 unused Assets to reduce memory usage. Loaded Objects now: 3153.
Total: 2.900165 ms (FindLiveObjects: 0.237216 ms CreateObjectMapping: 0.149885 ms MarkObjects: 2.444609 ms  DeleteObjects: 0.067137 ms)

========================================================================
Received Prepare
Registering precompiled user dll's ...
Registered in 0.005565 seconds.
Begin MonoManager ReloadAssembly
Native extension for OSXStandalone target not found
Refreshing native plugins compatible for Editor in 0.48 ms, found 1 plugins.
Preloading 0 native plugins for Editor in 0.00 ms.
Mono: successfully reloaded assembly
- Completed reload, in  1.238 seconds
Platform modules already initialized, skipping
Refreshing native plugins compatible for Editor in 0.44 ms, found 1 plugins.
Preloading 0 native plugins for Editor in 0.00 ms.
Unloading 2662 Unused Serialized files (Serialized files now loaded: 0)
System memory in use before: 182.7 MB.
System memory in use after: 182.9 MB.

Unloading 10 unused Assets to reduce memory usage. Loaded Objects now: 3156.
Total: 2.441065 ms (FindLiveObjects: 0.319078 ms CreateObjectMapping: 0.197799 ms MarkObjects: 1.849734 ms  DeleteObjects: 0.073507 ms)

========================================================================
Received Prepare
Registering precompiled user dll's ...
Registered in 0.001864 seconds.
Begin MonoManager ReloadAssembly
Native extension for OSXStandalone target not found
Refreshing native plugins compatible for Editor in 0.74 ms, found 1 plugins.
Preloading 0 native plugins for Editor in 0.00 ms.
Mono: successfully reloaded assembly
- Completed reload, in  1.231 seconds
Platform modules already initialized, skipping
Refreshing native plugins compatible for Editor in 0.58 ms, found 1 plugins.
Preloading 0 native plugins for Editor in 0.00 ms.
Unloading 2662 Unused Serialized files (Serialized files now loaded: 0)
System memory in use before: 182.9 MB.
System memory in use after: 183.1 MB.

Unloading 10 unused Assets to reduce memory usage. Loaded Objects now: 3159.
Total: 2.722771 ms (FindLiveObjects: 0.275491 ms CreateObjectMapping: 0.225269 ms MarkObjects: 2.169789 ms  DeleteObjects: 0.051274 ms)

========================================================================
Received Prepare
Registering precompiled user dll's ...
Registered in 0.007452 seconds.
Begin MonoManager ReloadAssembly
Native extension for OSXStandalone target not found
Refreshing native plugins compatible for Editor in 0.43 ms, found 1 plugins.
Preloading 0 native plugins for Editor in 0.00 ms.
Mono: successfully reloaded assembly
- Completed reload, in  1.115 seconds
Platform modules already initialized, skipping
Refreshing native plugins compatible for Editor in 0.46 ms, found 1 plugins.
Preloading 0 native plugins for Editor in 0.00 ms.
Unloading 2662 Unused Serialized files (Serialized files now loaded: 0)
System memory in use before: 183.1 MB.
System memory in use after: 183.3 MB.

Unloading 10 unused Assets to reduce memory usage. Loaded Objects now: 3162.
Total: 2.139452 ms (FindLiveObjects: 0.202261 ms CreateObjectMapping: 0.155156 ms MarkObjects: 1.734924 ms  DeleteObjects: 0.046073 ms)

========================================================================
Received Prepare
Registering precompiled user dll's ...
Registered in 0.001980 seconds.
Begin MonoManager ReloadAssembly
Native extension for OSXStandalone target not found
Refreshing native plugins compatible for Editor in 0.92 ms, found 1 plugins.
Preloading 0 native plugins for Editor in 0.00 ms.
Mono: successfully reloaded assembly
- Completed reload, in  1.156 seconds
Platform modules already initialized, skipping
Refreshing native plugins compatible for Editor in 0.43 ms, found 1 plugins.
Preloading 0 native plugins for Editor in 0.00 ms.
Unloading 2662 Unused Serialized files (Serialized files now loaded: 0)
System memory in use before: 183.3 MB.
System memory in use after: 183.5 MB.

Unloading 10 unused Assets to reduce memory usage. Loaded Objects now: 3165.
Total: 2.169184 ms (FindLiveObjects: 0.233962 ms CreateObjectMapping: 0.161561 ms MarkObjects: 1.723375 ms  DeleteObjects: 0.049309 ms)

========================================================================
Received Import Request.
  Time since last request: 1204.634662 seconds.
  path: Assets/Scripts/Cannon.cs
  artifactKey: Guid(5ca32083a23ec4eb79f9e0a7ca1de79d) Importer(815301076,1909f56bfc062723c751e8b465ee728b)
Start importing Assets/Scripts/Cannon.cs using Guid(5ca32083a23ec4eb79f9e0a7ca1de79d) Importer(815301076,1909f56bfc062723c751e8b465ee728b)  -> (artifact id: 'ece1f8dbde75a5cbde05c67638800910') in 0.010585 seconds 
========================================================================
Received Prepare
Registering precompiled user dll's ...
Registered in 0.002635 seconds.
Begin MonoManager ReloadAssembly
Native extension for OSXStandalone target not found
Refreshing native plugins compatible for Editor in 0.45 ms, found 1 plugins.
Preloading 0 native plugins for Editor in 0.00 ms.
Mono: successfully reloaded assembly
- Completed reload, in  1.063 seconds
Platform modules already initialized, skipping
Refreshing native plugins compatible for Editor in 0.45 ms, found 1 plugins.
Preloading 0 native plugins for Editor in 0.00 ms.
Unloading 2662 Unused Serialized files (Serialized files now loaded: 0)
System memory in use before: 183.4 MB.
System memory in use after: 183.6 MB.

Unloading 10 unused Assets to reduce memory usage. Loaded Objects now: 3168.
Total: 2.390694 ms (FindLiveObjects: 0.221409 ms CreateObjectMapping: 0.133099 ms MarkObjects: 1.951116 ms  DeleteObjects: 0.084083 ms)

========================================================================
Received Prepare
Registering precompiled user dll's ...
Registered in 0.002818 seconds.
Begin MonoManager ReloadAssembly
Native extension for OSXStandalone target not found
Refreshing native plugins compatible for Editor in 0.48 ms, found 1 plugins.
Preloading 0 native plugins for Editor in 0.00 ms.
Mono: successfully reloaded assembly
- Completed reload, in  1.170 seconds
Platform modules already initialized, skipping
Refreshing native plugins compatible for Editor in 0.48 ms, found 1 plugins.
Preloading 0 native plugins for Editor in 0.00 ms.
Unloading 2662 Unused Serialized files (Serialized files now loaded: 0)
System memory in use before: 183.6 MB.
System memory in use after: 183.8 MB.

Unloading 10 unused Assets to reduce memory usage. Loaded Objects now: 3171.
Total: 2.181482 ms (FindLiveObjects: 0.239764 ms CreateObjectMapping: 0.183750 ms MarkObjects: 1.706640 ms  DeleteObjects: 0.050361 ms)

========================================================================
Received Prepare
Registering precompiled user dll's ...
Registered in 0.002396 seconds.
Begin MonoManager ReloadAssembly
Native extension for OSXStandalone target not found
Refreshing native plugins compatible for Editor in 0.49 ms, found 1 plugins.
Preloading 0 native plugins for Editor in 0.00 ms.
Mono: successfully reloaded assembly
- Completed reload, in  1.332 seconds
Platform modules already initialized, skipping
Refreshing native plugins compatible for Editor in 0.45 ms, found 1 plugins.
Preloading 0 native plugins for Editor in 0.00 ms.
Unloading 2662 Unused Serialized files (Serialized files now loaded: 0)
System memory in use before: 183.8 MB.
System memory in use after: 184.0 MB.

Unloading 10 unused Assets to reduce memory usage. Loaded Objects now: 3174.
Total: 2.193490 ms (FindLiveObjects: 0.219536 ms CreateObjectMapping: 0.135235 ms MarkObjects: 1.789491 ms  DeleteObjects: 0.047929 ms)

========================================================================
Received Prepare
Registering precompiled user dll's ...
Registered in 0.002800 seconds.
Begin MonoManager ReloadAssembly
Native extension for OSXStandalone target not found
Refreshing native plugins compatible for Editor in 0.43 ms, found 1 plugins.
Preloading 0 native plugins for Editor in 0.00 ms.
Mono: successfully reloaded assembly
- Completed reload, in  1.191 seconds
Platform modules already initialized, skipping
Refreshing native plugins compatible for Editor in 0.55 ms, found 1 plugins.
Preloading 0 native plugins for Editor in 0.00 ms.
Unloading 2662 Unused Serialized files (Serialized files now loaded: 0)
System memory in use before: 184.0 MB.
System memory in use after: 184.2 MB.

Unloading 10 unused Assets to reduce memory usage. Loaded Objects now: 3177.
Total: 2.404376 ms (FindLiveObjects: 0.233012 ms CreateObjectMapping: 0.146344 ms MarkObjects: 1.962603 ms  DeleteObjects: 0.061438 ms)

========================================================================
Received Prepare
Registering precompiled user dll's ...
Registered in 0.001760 seconds.
Begin MonoManager ReloadAssembly
Native extension for OSXStandalone target not found
Refreshing native plugins compatible for Editor in 0.54 ms, found 1 plugins.
Preloading 0 native plugins for Editor in 0.00 ms.
Mono: successfully reloaded assembly
- Completed reload, in  1.130 seconds
Platform modules already initialized, skipping
Refreshing native plugins compatible for Editor in 0.89 ms, found 1 plugins.
Preloading 0 native plugins for Editor in 0.00 ms.
Unloading 2662 Unused Serialized files (Serialized files now loaded: 0)
System memory in use before: 184.2 MB.
System memory in use after: 184.4 MB.

Unloading 10 unused Assets to reduce memory usage. Loaded Objects now: 3180.
Total: 4.441169 ms (FindLiveObjects: 0.382180 ms CreateObjectMapping: 0.195107 ms MarkObjects: 3.534616 ms  DeleteObjects: 0.328054 ms)

========================================================================
Received Prepare
Registering precompiled user dll's ...
Registered in 0.011127 seconds.
Begin MonoManager ReloadAssembly
Native extension for OSXStandalone target not found
Refreshing native plugins compatible for Editor in 0.51 ms, found 1 plugins.
Preloading 0 native plugins for Editor in 0.00 ms.
Mono: successfully reloaded assembly
- Completed reload, in  1.471 seconds
Platform modules already initialized, skipping
Refreshing native plugins compatible for Editor in 0.50 ms, found 1 plugins.
Preloading 0 native plugins for Editor in 0.00 ms.
Unloading 2662 Unused Serialized files (Serialized files now loaded: 0)
System memory in use before: 184.4 MB.
System memory in use after: 184.6 MB.

Unloading 10 unused Assets to reduce memory usage. Loaded Objects now: 3183.
Total: 2.327607 ms (FindLiveObjects: 0.223539 ms CreateObjectMapping: 0.209717 ms MarkObjects: 1.848125 ms  DeleteObjects: 0.044964 ms)

========================================================================
Received Prepare
Registering precompiled user dll's ...
Registered in 0.005623 seconds.
Begin MonoManager ReloadAssembly
Native extension for OSXStandalone target not found
Refreshing native plugins compatible for Editor in 0.48 ms, found 1 plugins.
Preloading 0 native plugins for Editor in 0.00 ms.
Mono: successfully reloaded assembly
- Completed reload, in  1.174 seconds
Platform modules already initialized, skipping
Refreshing native plugins compatible for Editor in 0.47 ms, found 1 plugins.
Preloading 0 native plugins for Editor in 0.00 ms.
Unloading 2662 Unused Serialized files (Serialized files now loaded: 0)
System memory in use before: 184.6 MB.
System memory in use after: 184.8 MB.

Unloading 10 unused Assets to reduce memory usage. Loaded Objects now: 3186.
Total: 2.172696 ms (FindLiveObjects: 0.226321 ms CreateObjectMapping: 0.140237 ms MarkObjects: 1.760014 ms  DeleteObjects: 0.045195 ms)

