Using pre-set license
Built from '2020.3/staging' branch; Version is '2020.3.3f1 (76626098c1c4) revision 7758432'; Using compiler version '192528614'; Build Type 'Release'
OS: 'Windows 10 Pro; OS build 19042.867; Version 2009; 64bit' Language: 'en' Physical Memory: 32703 MB
BatchMode: 1, IsHumanControllingUs: 0, StartBugReporterOnCrash: 0, Is64bit: 1, IsPro: 0

 COMMAND LINE ARGUMENTS:
C:\Program Files\Unity\Hub\Editor\2020.3.3f1\Editor\Unity.exe
-adb2
-batchMode
-noUpm
-name
AssetImportWorker0
-projectPath
D:/Projects/Unity/Teste/Teste
-logFile
Logs/AssetImportWorker0.log
-srvPort
55187
Successfully changed project path to: D:/Projects/Unity/Teste/Teste
D:/Projects/Unity/Teste/Teste
Using Asset Import Pipeline V2.
Refreshing native plugins compatible for Editor in 27.51 ms, found 0 plugins.
Preloading 0 native plugins for Editor in 0.00 ms.
Initialize engine version: 2020.3.3f1 (76626098c1c4)
[Subsystems] Discovering subsystems at path C:/Program Files/Unity/Hub/Editor/2020.3.3f1/Editor/Data/Resources/UnitySubsystems
[Subsystems] Discovering subsystems at path D:/Projects/Unity/Teste/Teste/Assets
GfxDevice: creating device client; threaded=0
Direct3D:
    Version:  Direct3D 11.0 [level 11.1]
    Renderer: NVIDIA GeForce GTX 1050 Ti (ID=0x1c82)
    Vendor:   
    VRAM:     4018 MB
    Driver:   27.21.14.6140
Initialize mono
Mono path[0] = 'C:/Program Files/Unity/Hub/Editor/2020.3.3f1/Editor/Data/Managed'
Mono path[1] = 'C:/Program Files/Unity/Hub/Editor/2020.3.3f1/Editor/Data/MonoBleedingEdge/lib/mono/unityjit'
Mono config path = 'C:/Program Files/Unity/Hub/Editor/2020.3.3f1/Editor/Data/MonoBleedingEdge/etc'
Using monoOptions --debugger-agent=transport=dt_socket,embedding=1,server=y,suspend=n,address=127.0.0.1:56804
Begin MonoManager ReloadAssembly
Registering precompiled unity dll's ...
Register platform support module: C:/Program Files/Unity/Hub/Editor/2020.3.3f1/Editor/Data/PlaybackEngines/WebGLSupport/UnityEditor.WebGL.Extensions.dll
Register platform support module: C:/Program Files/Unity/Hub/Editor/2020.3.3f1/Editor/Data/PlaybackEngines/WindowsStandaloneSupport/UnityEditor.WindowsStandalone.Extensions.dll
Registered in 0.002469 seconds.
Native extension for WindowsStandalone target not found
Native extension for WebGL target not found
Refreshing native plugins compatible for Editor in 26.62 ms, found 0 plugins.
Preloading 0 native plugins for Editor in 0.00 ms.
Invoked RoslynAnalysisRunner static constructor.
RoslynAnalysisRunner will not be running.
RoslynAnalysisRunner has terminated.
Mono: successfully reloaded assembly
- Completed reload, in  1.217 seconds
Platform modules already initialized, skipping
Registering precompiled user dll's ...
Registered in 0.000648 seconds.
Begin MonoManager ReloadAssembly
Native extension for WindowsStandalone target not found
Native extension for WebGL target not found
Refreshing native plugins compatible for Editor in 0.24 ms, found 0 plugins.
Preloading 0 native plugins for Editor in 0.00 ms.
Invoked RoslynAnalysisRunner static constructor.
RoslynAnalysisRunner will not be running.
RoslynAnalysisRunner has terminated.
Mono: successfully reloaded assembly
- Completed reload, in  0.927 seconds
Platform modules already initialized, skipping
========================================================================
Worker process is ready to serve import requests
Launched and connected shader compiler UnityShaderCompiler.exe after 0.07 seconds
Refreshing native plugins compatible for Editor in 0.25 ms, found 0 plugins.
Preloading 0 native plugins for Editor in 0.00 ms.
Unloading 1115 Unused Serialized files (Serialized files now loaded: 0)
System memory in use before: 57.1 MB.
System memory in use after: 57.2 MB.

Unloading 10 unused Assets to reduce memory usage. Loaded Objects now: 1557.
Total: 3.278900 ms (FindLiveObjects: 0.331300 ms CreateObjectMapping: 0.155500 ms MarkObjects: 2.664100 ms  DeleteObjects: 0.126100 ms)

========================================================================
Received Import Request.
  path: Assets/Scenes
  artifactKey: Guid(e0a630fc4313feb41a09282d128b9a6b) Importer(815301076,1909f56bfc062723c751e8b465ee728b)
Start importing Assets/Scenes using Guid(e0a630fc4313feb41a09282d128b9a6b) Importer(815301076,1909f56bfc062723c751e8b465ee728b)  -> (artifact id: '8a9d0ec1dd32b680e59ed69e10327947') in 0.008351 seconds
  Import took 0.010363 seconds .

========================================================================
Received Import Request.
  Time since last request: 9.650603 seconds.
  path: Assets/Scenes/Arena.unity
  artifactKey: Guid(a0ecd70d0d63f3a41b303f2bc349c751) Importer(815301076,1909f56bfc062723c751e8b465ee728b)
Start importing Assets/Scenes/Arena.unity using Guid(a0ecd70d0d63f3a41b303f2bc349c751) Importer(815301076,1909f56bfc062723c751e8b465ee728b)  -> (artifact id: 'c39ffd14bcb15629ed6a0264f57e66a8') in 0.018342 seconds
  Import took 0.021187 seconds .

========================================================================
Received Import Request.
  Time since last request: 48.893394 seconds.
  path: Assets/Scenes/SampleScene.unity
  artifactKey: Guid(9fc0d4010bbf28b4594072e72b8655ab) Importer(815301076,1909f56bfc062723c751e8b465ee728b)
Start importing Assets/Scenes/SampleScene.unity using Guid(9fc0d4010bbf28b4594072e72b8655ab) Importer(815301076,1909f56bfc062723c751e8b465ee728b)  -> (artifact id: '3c18ca639e4f8e204ea8248b59527b17') in 0.010988 seconds
  Import took 0.013302 seconds .

========================================================================
Received Import Request.
  Time since last request: 98.026365 seconds.
  path: Assets
  artifactKey: Guid(00000000000000001000000000000000) Importer(815301076,1909f56bfc062723c751e8b465ee728b)
Start importing Assets using Guid(00000000000000001000000000000000) Importer(815301076,1909f56bfc062723c751e8b465ee728b)  -> (artifact id: 'b2e0e235c0f4af3754229b664788db90') in 0.008114 seconds
  Import took 0.010852 seconds .

========================================================================
Received Import Request.
  Time since last request: 6.245304 seconds.
  path: Assets/Materials
  artifactKey: Guid(6fc1ac8f0b02b4341b77ae745e2588e6) Importer(815301076,1909f56bfc062723c751e8b465ee728b)
Start importing Assets/Materials using Guid(6fc1ac8f0b02b4341b77ae745e2588e6) Importer(815301076,1909f56bfc062723c751e8b465ee728b)  -> (artifact id: '1064caf165ed0df39d40f916f4ab703b') in 0.009748 seconds
  Import took 0.012191 seconds .

========================================================================
Received Import Request.
  Time since last request: 404.590650 seconds.
  path: Assets/Textures
  artifactKey: Guid(b06c4ae85df81a745841f13849a345f0) Importer(815301076,1909f56bfc062723c751e8b465ee728b)
Start importing Assets/Textures using Guid(b06c4ae85df81a745841f13849a345f0) Importer(815301076,1909f56bfc062723c751e8b465ee728b)  -> (artifact id: '6eba3f9da2f65a22f90d898375924588') in 0.012708 seconds
  Import took 0.015822 seconds .

========================================================================
Received Import Request.
  Time since last request: 7.034733 seconds.
  path: Assets/Textures/floor.jpeg
  artifactKey: Guid(ecde4ca2a543ead44ae91fc001d791ed) Importer(815301076,1909f56bfc062723c751e8b465ee728b)
Start importing Assets/Textures/floor.jpeg using Guid(ecde4ca2a543ead44ae91fc001d791ed) Importer(815301076,1909f56bfc062723c751e8b465ee728b)  -> (artifact id: 'dc36fd6fcae3a9404032bfe73c7b64f2') in 0.127892 seconds
  Import took 0.130216 seconds .

========================================================================
Received Import Request.
  Time since last request: 234.083933 seconds.
  path: Assets/Textures/ball.jpg
  artifactKey: Guid(ae983bdad696dcd48a4a46cefd7714c2) Importer(815301076,1909f56bfc062723c751e8b465ee728b)
Start importing Assets/Textures/ball.jpg using Guid(ae983bdad696dcd48a4a46cefd7714c2) Importer(815301076,1909f56bfc062723c751e8b465ee728b)  -> (artifact id: 'cbdde6ac22c42ed41c53f85ef1e5e96a') in 0.020309 seconds
  Import took 0.022842 seconds .

========================================================================
Received Import Request.
  Time since last request: 0.001383 seconds.
  path: Assets/Textures/ball.jpg
  artifactKey: Guid(ae983bdad696dcd48a4a46cefd7714c2) Importer(815301076,1909f56bfc062723c751e8b465ee728b)
Start importing Assets/Textures/ball.jpg using Guid(ae983bdad696dcd48a4a46cefd7714c2) Importer(815301076,1909f56bfc062723c751e8b465ee728b)  -> (artifact id: 'cbdde6ac22c42ed41c53f85ef1e5e96a') in 0.017099 seconds
  Import took 0.019528 seconds .

========================================================================
Received Import Request.
  Time since last request: 97.268988 seconds.
  path: Assets/Textures/box.jpg
  artifactKey: Guid(f74da7efbefb3e24dae5af1a9b415ce5) Importer(815301076,1909f56bfc062723c751e8b465ee728b)
Start importing Assets/Textures/box.jpg using Guid(f74da7efbefb3e24dae5af1a9b415ce5) Importer(815301076,1909f56bfc062723c751e8b465ee728b)  -> (artifact id: '4d2414ddb5eb5a032ab5993e253e856f') in 0.026593 seconds
  Import took 0.029184 seconds .

========================================================================
Received Import Request.
  Time since last request: 220.519344 seconds.
  path: Assets/Models
  artifactKey: Guid(67babbe20aaacc74c8388d7facf16f31) Importer(815301076,1909f56bfc062723c751e8b465ee728b)
Start importing Assets/Models using Guid(67babbe20aaacc74c8388d7facf16f31) Importer(815301076,1909f56bfc062723c751e8b465ee728b)  -> (artifact id: '44e56f96d6ee0a9516a93488da7d3f37') in 0.008981 seconds
  Import took 0.011906 seconds .

========================================================================
Received Import Request.
  Time since last request: 90.235766 seconds.
  path: Assets/Models/Zelda Hylian Shield.obj
  artifactKey: Guid(311fbfbf531246747a8639aafd75468e) Importer(815301076,1909f56bfc062723c751e8b465ee728b)
Start importing Assets/Models/Zelda Hylian Shield.obj using Guid(311fbfbf531246747a8639aafd75468e) Importer(815301076,1909f56bfc062723c751e8b465ee728b)  -> (artifact id: '63b1793fb597c163a95f4bfa98dd890e') in 0.430610 seconds
  Import took 0.433903 seconds .

========================================================================
Received Import Request.
  Time since last request: 608.936244 seconds.
  path: Assets/Models/Cube.FBX
  artifactKey: Guid(1e391f85f78bc5541af983088c6df3fb) Importer(815301076,1909f56bfc062723c751e8b465ee728b)
Start importing Assets/Models/Cube.FBX using Guid(1e391f85f78bc5541af983088c6df3fb) Importer(815301076,1909f56bfc062723c751e8b465ee728b)  -> (artifact id: '25240352f288a6e797321e7e25ab0993') in 0.029214 seconds
  Import took 0.032447 seconds .

========================================================================
Received Import Request.
  Time since last request: 78.409565 seconds.
  path: Assets/Materials/ball.mat
  artifactKey: Guid(80552707b49745b4a973573fd338fd1c) Importer(815301076,1909f56bfc062723c751e8b465ee728b)
Start importing Assets/Materials/ball.mat using Guid(80552707b49745b4a973573fd338fd1c) Importer(815301076,1909f56bfc062723c751e8b465ee728b)  -> (artifact id: 'a98f651c3b774a57cf24fee6a581201a') in 0.032259 seconds
  Import took 0.036516 seconds .

========================================================================
Received Import Request.
  Time since last request: 0.000239 seconds.
  path: Assets/Materials/box.mat
  artifactKey: Guid(a1ba2f3527787a6469e9c93625e1e447) Importer(815301076,1909f56bfc062723c751e8b465ee728b)
Start importing Assets/Materials/box.mat using Guid(a1ba2f3527787a6469e9c93625e1e447) Importer(815301076,1909f56bfc062723c751e8b465ee728b)  -> (artifact id: 'bb24f539517591cea515392e38c24040') in 0.017444 seconds
  Import took 0.020224 seconds .

========================================================================
Received Import Request.
  Time since last request: 0.000226 seconds.
  path: Assets/Materials/ball.mat
  artifactKey: Guid(80552707b49745b4a973573fd338fd1c) Importer(815301076,1909f56bfc062723c751e8b465ee728b)
Start importing Assets/Materials/ball.mat using Guid(80552707b49745b4a973573fd338fd1c) Importer(815301076,1909f56bfc062723c751e8b465ee728b)  -> (artifact id: 'a98f651c3b774a57cf24fee6a581201a') in 0.026115 seconds
  Import took 0.029100 seconds .

========================================================================
Received Import Request.
  Time since last request: 0.000200 seconds.
  path: Assets/Materials/floor.mat
  artifactKey: Guid(626a58695336ced4496a986639e10508) Importer(815301076,1909f56bfc062723c751e8b465ee728b)
Start importing Assets/Materials/floor.mat using Guid(626a58695336ced4496a986639e10508) Importer(815301076,1909f56bfc062723c751e8b465ee728b)  -> (artifact id: '1fcc17e95be561c194b80b0bbb060834') in 0.019966 seconds
  Import took 0.022337 seconds .

========================================================================
Received Import Request.
  Time since last request: 1179.029867 seconds.
  path: Assets/Textures/wall.jpg
  artifactKey: Guid(de8c92d910c7b534e986ac734422419f) Importer(815301076,1909f56bfc062723c751e8b465ee728b)
Start importing Assets/Textures/wall.jpg using Guid(de8c92d910c7b534e986ac734422419f) Importer(815301076,1909f56bfc062723c751e8b465ee728b)  -> (artifact id: '19f9e06a0198f1fbdd7f68fdaf9a9ee8') in 0.023617 seconds
  Import took 0.027394 seconds .

========================================================================
Received Import Request.
  Time since last request: 0.002209 seconds.
  path: Assets/Textures/wall.jpg
  artifactKey: Guid(de8c92d910c7b534e986ac734422419f) Importer(815301076,1909f56bfc062723c751e8b465ee728b)
Start importing Assets/Textures/wall.jpg using Guid(de8c92d910c7b534e986ac734422419f) Importer(815301076,1909f56bfc062723c751e8b465ee728b)  -> (artifact id: '19f9e06a0198f1fbdd7f68fdaf9a9ee8') in 0.026985 seconds
  Import took 0.030245 seconds .

========================================================================
Received Import Request.
  Time since last request: 258.499274 seconds.
  path: Assets/Models/Portal_FInal.obj
  artifactKey: Guid(1c0f599ca95aace4894438d5cddff769) Importer(815301076,1909f56bfc062723c751e8b465ee728b)
Start importing Assets/Models/Portal_FInal.obj using Guid(1c0f599ca95aace4894438d5cddff769) Importer(815301076,1909f56bfc062723c751e8b465ee728b)  -> (artifact id: 'c5b7ab357ab010817aa95dabfec7265f') in 0.073443 seconds
  Import took 0.077739 seconds .

========================================================================
Received Import Request.
  Time since last request: 67.961946 seconds.
  path: Assets/Models/Portal Gun.obj
  artifactKey: Guid(d53cf063d555a9e4eaeed291914e8e4a) Importer(815301076,1909f56bfc062723c751e8b465ee728b)
Start importing Assets/Models/Portal Gun.obj using Guid(d53cf063d555a9e4eaeed291914e8e4a) Importer(815301076,1909f56bfc062723c751e8b465ee728b)  -> (artifact id: '1c6d61095b06d6e8468fa7f67f0286f9') in 0.033232 seconds
  Import took 0.035625 seconds .

========================================================================
Received Import Request.
  Time since last request: 34.263879 seconds.
  path: Assets/Textures/portalgun_col.jpg
  artifactKey: Guid(7d79be0c5be5da345be98b6388415865) Importer(815301076,1909f56bfc062723c751e8b465ee728b)
Start importing Assets/Textures/portalgun_col.jpg using Guid(7d79be0c5be5da345be98b6388415865) Importer(815301076,1909f56bfc062723c751e8b465ee728b)  -> (artifact id: 'b16a29a220671c943f0de4c68a14124c') in 0.017039 seconds
  Import took 0.019911 seconds .

========================================================================
Received Import Request.
  Time since last request: 0.000915 seconds.
  path: Assets/Textures/portalgun_col.jpg
  artifactKey: Guid(7d79be0c5be5da345be98b6388415865) Importer(815301076,1909f56bfc062723c751e8b465ee728b)
Start importing Assets/Textures/portalgun_col.jpg using Guid(7d79be0c5be5da345be98b6388415865) Importer(815301076,1909f56bfc062723c751e8b465ee728b)  -> (artifact id: 'b16a29a220671c943f0de4c68a14124c') in 0.015378 seconds
  Import took 0.018395 seconds .

========================================================================
Received Import Request.
  Time since last request: 73.392703 seconds.
  path: Assets/Textures/portalgun_nor.jpg
  artifactKey: Guid(0ecee785f50442e4abf1c785abc0ffae) Importer(815301076,1909f56bfc062723c751e8b465ee728b)
Start importing Assets/Textures/portalgun_nor.jpg using Guid(0ecee785f50442e4abf1c785abc0ffae) Importer(815301076,1909f56bfc062723c751e8b465ee728b)  -> (artifact id: '9ed8dbc2a23824923b21611e719125c7') in 0.015653 seconds
  Import took 0.018899 seconds .

========================================================================
Received Import Request.
  Time since last request: 0.002887 seconds.
  path: Assets/Textures/portalgun_nor.jpg
  artifactKey: Guid(0ecee785f50442e4abf1c785abc0ffae) Importer(815301076,1909f56bfc062723c751e8b465ee728b)
Start importing Assets/Textures/portalgun_nor.jpg using Guid(0ecee785f50442e4abf1c785abc0ffae) Importer(815301076,1909f56bfc062723c751e8b465ee728b)  -> (artifact id: '9ed8dbc2a23824923b21611e719125c7') in 0.019992 seconds
  Import took 0.023891 seconds .

========================================================================
Received Import Request.
  Time since last request: 282.945993 seconds.
  path: Assets/Scripts
  artifactKey: Guid(5bfa84a801791a44083eb34dcbd3df5d) Importer(815301076,1909f56bfc062723c751e8b465ee728b)
Start importing Assets/Scripts using Guid(5bfa84a801791a44083eb34dcbd3df5d) Importer(815301076,1909f56bfc062723c751e8b465ee728b)  -> (artifact id: '2659f1071ed84132a88a27a03eafa27a') in 0.010073 seconds
  Import took 0.013266 seconds .

========================================================================
Received Import Request.
  Time since last request: 51.214799 seconds.
  path: Assets/Scripts/MoveBall.cs
  artifactKey: Guid(d0fba51eb678c564b89a53c8c5118029) Importer(815301076,1909f56bfc062723c751e8b465ee728b)
Start importing Assets/Scripts/MoveBall.cs using Guid(d0fba51eb678c564b89a53c8c5118029) Importer(815301076,1909f56bfc062723c751e8b465ee728b)  -> (artifact id: 'e34800bf2ba1f6e47ef09f7934466077') in 0.023359 seconds
  Import took 0.025877 seconds .

========================================================================
Received Import Request.
  Time since last request: 0.092388 seconds.
  path: Assets/Scripts/MoveBall.cs
  artifactKey: Guid(d0fba51eb678c564b89a53c8c5118029) Importer(815301076,1909f56bfc062723c751e8b465ee728b)
Start importing Assets/Scripts/MoveBall.cs using Guid(d0fba51eb678c564b89a53c8c5118029) Importer(815301076,1909f56bfc062723c751e8b465ee728b)  -> (artifact id: 'e34800bf2ba1f6e47ef09f7934466077') in 0.001645 seconds
  Import took 0.004843 seconds .

========================================================================
Received Prepare
Registering precompiled user dll's ...
Registered in 0.000933 seconds.
Begin MonoManager ReloadAssembly
Native extension for WindowsStandalone target not found
Native extension for WebGL target not found
Refreshing native plugins compatible for Editor in 0.29 ms, found 0 plugins.
Preloading 0 native plugins for Editor in 0.00 ms.
Invoked RoslynAnalysisRunner static constructor.
RoslynAnalysisRunner will not be running.
RoslynAnalysisRunner has terminated.
Mono: successfully reloaded assembly
- Completed reload, in  1.028 seconds
Platform modules already initialized, skipping
Refreshing native plugins compatible for Editor in 0.23 ms, found 0 plugins.
Preloading 0 native plugins for Editor in 0.00 ms.
Unloading 1111 Unused Serialized files (Serialized files now loaded: 0)
System memory in use before: 60.6 MB.
System memory in use after: 60.7 MB.

Unloading 5 unused Assets to reduce memory usage. Loaded Objects now: 1605.
Total: 2.427300 ms (FindLiveObjects: 0.166900 ms CreateObjectMapping: 0.057300 ms MarkObjects: 2.136700 ms  DeleteObjects: 0.064800 ms)

========================================================================
Received Prepare
Registering precompiled user dll's ...
Registered in 0.000605 seconds.
Begin MonoManager ReloadAssembly
Native extension for WindowsStandalone target not found
Native extension for WebGL target not found
Refreshing native plugins compatible for Editor in 0.26 ms, found 0 plugins.
Preloading 0 native plugins for Editor in 0.00 ms.
Invoked RoslynAnalysisRunner static constructor.
RoslynAnalysisRunner will not be running.
RoslynAnalysisRunner has terminated.
Mono: successfully reloaded assembly
- Completed reload, in  1.069 seconds
Platform modules already initialized, skipping
Refreshing native plugins compatible for Editor in 0.24 ms, found 0 plugins.
Preloading 0 native plugins for Editor in 0.00 ms.
Unloading 1111 Unused Serialized files (Serialized files now loaded: 0)
System memory in use before: 60.6 MB.
System memory in use after: 60.7 MB.

Unloading 5 unused Assets to reduce memory usage. Loaded Objects now: 1608.
Total: 2.327400 ms (FindLiveObjects: 0.314300 ms CreateObjectMapping: 0.130900 ms MarkObjects: 1.826600 ms  DeleteObjects: 0.054500 ms)

========================================================================
Received Import Request.
  Time since last request: 57.048316 seconds.
  path: Assets/Scripts/MoveBall.cs
  artifactKey: Guid(d0fba51eb678c564b89a53c8c5118029) Importer(815301076,1909f56bfc062723c751e8b465ee728b)
Start importing Assets/Scripts/MoveBall.cs using Guid(d0fba51eb678c564b89a53c8c5118029) Importer(815301076,1909f56bfc062723c751e8b465ee728b)  -> (artifact id: '75c57a17e76d73954456eb729097d5dd') in 0.007132 seconds
  Import took 0.010252 seconds .

========================================================================
Received Prepare
Registering precompiled user dll's ...
Registered in 0.000589 seconds.
Begin MonoManager ReloadAssembly
Native extension for WindowsStandalone target not found
Native extension for WebGL target not found
Refreshing native plugins compatible for Editor in 0.29 ms, found 0 plugins.
Preloading 0 native plugins for Editor in 0.00 ms.
Invoked RoslynAnalysisRunner static constructor.
RoslynAnalysisRunner will not be running.
RoslynAnalysisRunner has terminated.
Mono: successfully reloaded assembly
- Completed reload, in  1.047 seconds
Platform modules already initialized, skipping
Refreshing native plugins compatible for Editor in 0.26 ms, found 0 plugins.
Preloading 0 native plugins for Editor in 0.00 ms.
Unloading 1111 Unused Serialized files (Serialized files now loaded: 0)
System memory in use before: 60.6 MB.
System memory in use after: 60.7 MB.

Unloading 5 unused Assets to reduce memory usage. Loaded Objects now: 1611.
Total: 2.791700 ms (FindLiveObjects: 0.312700 ms CreateObjectMapping: 0.162100 ms MarkObjects: 2.257000 ms  DeleteObjects: 0.058400 ms)

========================================================================
Received Prepare
Registering precompiled user dll's ...
Registered in 0.000596 seconds.
Begin MonoManager ReloadAssembly
Native extension for WindowsStandalone target not found
Native extension for WebGL target not found
Refreshing native plugins compatible for Editor in 0.24 ms, found 0 plugins.
Preloading 0 native plugins for Editor in 0.00 ms.
Invoked RoslynAnalysisRunner static constructor.
RoslynAnalysisRunner will not be running.
RoslynAnalysisRunner has terminated.
Mono: successfully reloaded assembly
- Completed reload, in  0.863 seconds
Platform modules already initialized, skipping
Refreshing native plugins compatible for Editor in 0.23 ms, found 0 plugins.
Preloading 0 native plugins for Editor in 0.00 ms.
Unloading 1111 Unused Serialized files (Serialized files now loaded: 0)
System memory in use before: 60.7 MB.
System memory in use after: 60.7 MB.

Unloading 5 unused Assets to reduce memory usage. Loaded Objects now: 1614.
Total: 1.902100 ms (FindLiveObjects: 0.177000 ms CreateObjectMapping: 0.080400 ms MarkObjects: 1.559100 ms  DeleteObjects: 0.084600 ms)

========================================================================
Received Prepare
Registering precompiled user dll's ...
Registered in 0.000513 seconds.
Begin MonoManager ReloadAssembly
Native extension for WindowsStandalone target not found
Native extension for WebGL target not found
Refreshing native plugins compatible for Editor in 0.25 ms, found 0 plugins.
Preloading 0 native plugins for Editor in 0.00 ms.
Invoked RoslynAnalysisRunner static constructor.
RoslynAnalysisRunner will not be running.
RoslynAnalysisRunner has terminated.
Mono: successfully reloaded assembly
- Completed reload, in  0.959 seconds
Platform modules already initialized, skipping
Refreshing native plugins compatible for Editor in 0.38 ms, found 0 plugins.
Preloading 0 native plugins for Editor in 0.00 ms.
Unloading 1111 Unused Serialized files (Serialized files now loaded: 0)
System memory in use before: 60.7 MB.
System memory in use after: 60.7 MB.

Unloading 5 unused Assets to reduce memory usage. Loaded Objects now: 1617.
Total: 1.850400 ms (FindLiveObjects: 0.151400 ms CreateObjectMapping: 0.040100 ms MarkObjects: 1.603900 ms  DeleteObjects: 0.054200 ms)

========================================================================
Received Prepare
Registering precompiled user dll's ...
Registered in 0.001399 seconds.
Begin MonoManager ReloadAssembly
Native extension for WindowsStandalone target not found
Native extension for WebGL target not found
Refreshing native plugins compatible for Editor in 0.37 ms, found 0 plugins.
Preloading 0 native plugins for Editor in 0.00 ms.
Invoked RoslynAnalysisRunner static constructor.
RoslynAnalysisRunner will not be running.
RoslynAnalysisRunner has terminated.
Mono: successfully reloaded assembly
- Completed reload, in  1.267 seconds
Platform modules already initialized, skipping
Refreshing native plugins compatible for Editor in 0.25 ms, found 0 plugins.
Preloading 0 native plugins for Editor in 0.00 ms.
Unloading 1111 Unused Serialized files (Serialized files now loaded: 0)
System memory in use before: 60.7 MB.
System memory in use after: 60.8 MB.

Unloading 5 unused Assets to reduce memory usage. Loaded Objects now: 1620.
Total: 2.171300 ms (FindLiveObjects: 0.245300 ms CreateObjectMapping: 0.083700 ms MarkObjects: 1.782100 ms  DeleteObjects: 0.058400 ms)

========================================================================
Received Prepare
Registering precompiled user dll's ...
Registered in 0.000582 seconds.
Begin MonoManager ReloadAssembly
Native extension for WindowsStandalone target not found
Native extension for WebGL target not found
Refreshing native plugins compatible for Editor in 0.27 ms, found 0 plugins.
Preloading 0 native plugins for Editor in 0.00 ms.
Invoked RoslynAnalysisRunner static constructor.
RoslynAnalysisRunner will not be running.
RoslynAnalysisRunner has terminated.
Mono: successfully reloaded assembly
- Completed reload, in  1.037 seconds
Platform modules already initialized, skipping
Refreshing native plugins compatible for Editor in 0.29 ms, found 0 plugins.
Preloading 0 native plugins for Editor in 0.00 ms.
Unloading 1111 Unused Serialized files (Serialized files now loaded: 0)
System memory in use before: 60.7 MB.
System memory in use after: 60.8 MB.

Unloading 5 unused Assets to reduce memory usage. Loaded Objects now: 1623.
Total: 2.300800 ms (FindLiveObjects: 0.355700 ms CreateObjectMapping: 0.104600 ms MarkObjects: 1.775700 ms  DeleteObjects: 0.062700 ms)

========================================================================
Received Prepare
Registering precompiled user dll's ...
Registered in 0.000650 seconds.
Begin MonoManager ReloadAssembly
Native extension for WindowsStandalone target not found
Native extension for WebGL target not found
Refreshing native plugins compatible for Editor in 0.25 ms, found 0 plugins.
Preloading 0 native plugins for Editor in 0.00 ms.
Invoked RoslynAnalysisRunner static constructor.
RoslynAnalysisRunner will not be running.
RoslynAnalysisRunner has terminated.
Mono: successfully reloaded assembly
- Completed reload, in  1.113 seconds
Platform modules already initialized, skipping
Refreshing native plugins compatible for Editor in 0.42 ms, found 0 plugins.
Preloading 0 native plugins for Editor in 0.00 ms.
Unloading 1111 Unused Serialized files (Serialized files now loaded: 0)
System memory in use before: 60.7 MB.
System memory in use after: 60.8 MB.

Unloading 5 unused Assets to reduce memory usage. Loaded Objects now: 1626.
Total: 1.715500 ms (FindLiveObjects: 0.184500 ms CreateObjectMapping: 0.042300 ms MarkObjects: 1.428600 ms  DeleteObjects: 0.058700 ms)

========================================================================
Received Prepare
Registering precompiled user dll's ...
Registered in 0.000566 seconds.
Begin MonoManager ReloadAssembly
Native extension for WindowsStandalone target not found
Native extension for WebGL target not found
Refreshing native plugins compatible for Editor in 0.25 ms, found 0 plugins.
Preloading 0 native plugins for Editor in 0.00 ms.
Invoked RoslynAnalysisRunner static constructor.
RoslynAnalysisRunner will not be running.
RoslynAnalysisRunner has terminated.
Mono: successfully reloaded assembly
- Completed reload, in  0.937 seconds
Platform modules already initialized, skipping
Refreshing native plugins compatible for Editor in 0.39 ms, found 0 plugins.
Preloading 0 native plugins for Editor in 0.00 ms.
Unloading 1111 Unused Serialized files (Serialized files now loaded: 0)
System memory in use before: 60.7 MB.
System memory in use after: 60.8 MB.

Unloading 5 unused Assets to reduce memory usage. Loaded Objects now: 1629.
Total: 2.880800 ms (FindLiveObjects: 0.263600 ms CreateObjectMapping: 0.070200 ms MarkObjects: 2.474500 ms  DeleteObjects: 0.070700 ms)

========================================================================
Received Import Request.
  Time since last request: 3313.064245 seconds.
  path: Assets/Scripts/MoveBall.cs
  artifactKey: Guid(d0fba51eb678c564b89a53c8c5118029) Importer(815301076,1909f56bfc062723c751e8b465ee728b)
Start importing Assets/Scripts/MoveBall.cs using Guid(d0fba51eb678c564b89a53c8c5118029) Importer(815301076,1909f56bfc062723c751e8b465ee728b)  -> (artifact id: '19388726cf2f3eea77d9f2f44ad9ef3a') in 0.011856 seconds
  Import took 0.015594 seconds .

========================================================================
Received Prepare
Registering precompiled user dll's ...
Registered in 0.000577 seconds.
Begin MonoManager ReloadAssembly
Native extension for WindowsStandalone target not found
Native extension for WebGL target not found
Refreshing native plugins compatible for Editor in 0.28 ms, found 0 plugins.
Preloading 0 native plugins for Editor in 0.00 ms.
Invoked RoslynAnalysisRunner static constructor.
RoslynAnalysisRunner will not be running.
RoslynAnalysisRunner has terminated.
Mono: successfully reloaded assembly
- Completed reload, in  1.023 seconds
Platform modules already initialized, skipping
Refreshing native plugins compatible for Editor in 0.28 ms, found 0 plugins.
Preloading 0 native plugins for Editor in 0.00 ms.
Unloading 1111 Unused Serialized files (Serialized files now loaded: 0)
System memory in use before: 60.7 MB.
System memory in use after: 60.8 MB.

Unloading 5 unused Assets to reduce memory usage. Loaded Objects now: 1632.
Total: 2.191000 ms (FindLiveObjects: 0.188400 ms CreateObjectMapping: 0.078900 ms MarkObjects: 1.839300 ms  DeleteObjects: 0.083600 ms)

========================================================================
Received Import Request.
  Time since last request: 26.715573 seconds.
  path: Assets/Scripts/MoveBall.cs
  artifactKey: Guid(d0fba51eb678c564b89a53c8c5118029) Importer(815301076,1909f56bfc062723c751e8b465ee728b)
Start importing Assets/Scripts/MoveBall.cs using Guid(d0fba51eb678c564b89a53c8c5118029) Importer(815301076,1909f56bfc062723c751e8b465ee728b)  -> (artifact id: 'ce9b15675e8a1eb2bae76ee786328fce') in 0.005017 seconds
  Import took 0.008229 seconds .

========================================================================
Received Import Request.
  Time since last request: 11.970067 seconds.
  path: ProjectSettings/TagManager.asset
  artifactKey: Guid(00000000000000003000000000000000) Importer(815301076,1909f56bfc062723c751e8b465ee728b)
Start importing ProjectSettings/TagManager.asset using Guid(00000000000000003000000000000000) Importer(815301076,1909f56bfc062723c751e8b465ee728b)  -> (artifact id: '9274ce4079a5137dd04f6e6c4d809583') in 0.019281 seconds
  Import took 0.022727 seconds .

========================================================================
Received Prepare
Registering precompiled user dll's ...
Registered in 0.000759 seconds.
Begin MonoManager ReloadAssembly
Native extension for WindowsStandalone target not found
Native extension for WebGL target not found
Refreshing native plugins compatible for Editor in 0.24 ms, found 0 plugins.
Preloading 0 native plugins for Editor in 0.00 ms.
Invoked RoslynAnalysisRunner static constructor.
RoslynAnalysisRunner will not be running.
RoslynAnalysisRunner has terminated.
Mono: successfully reloaded assembly
- Completed reload, in  0.993 seconds
Platform modules already initialized, skipping
Refreshing native plugins compatible for Editor in 0.38 ms, found 0 plugins.
Preloading 0 native plugins for Editor in 0.00 ms.
Unloading 1111 Unused Serialized files (Serialized files now loaded: 0)
System memory in use before: 60.7 MB.
System memory in use after: 60.8 MB.

Unloading 6 unused Assets to reduce memory usage. Loaded Objects now: 1635.
Total: 1.918300 ms (FindLiveObjects: 0.142300 ms CreateObjectMapping: 0.039400 ms MarkObjects: 1.661100 ms  DeleteObjects: 0.074700 ms)

========================================================================
Received Prepare
Registering precompiled user dll's ...
Registered in 0.001136 seconds.
Begin MonoManager ReloadAssembly
Native extension for WindowsStandalone target not found
Native extension for WebGL target not found
Refreshing native plugins compatible for Editor in 0.26 ms, found 0 plugins.
Preloading 0 native plugins for Editor in 0.00 ms.
Invoked RoslynAnalysisRunner static constructor.
RoslynAnalysisRunner will not be running.
RoslynAnalysisRunner has terminated.
Mono: successfully reloaded assembly
- Completed reload, in  1.132 seconds
Platform modules already initialized, skipping
Refreshing native plugins compatible for Editor in 0.26 ms, found 0 plugins.
Preloading 0 native plugins for Editor in 0.00 ms.
Unloading 1111 Unused Serialized files (Serialized files now loaded: 0)
System memory in use before: 60.7 MB.
System memory in use after: 60.8 MB.

Unloading 5 unused Assets to reduce memory usage. Loaded Objects now: 1638.
Total: 3.171300 ms (FindLiveObjects: 0.232300 ms CreateObjectMapping: 0.058200 ms MarkObjects: 2.808300 ms  DeleteObjects: 0.071200 ms)

========================================================================
Received Prepare
Registering precompiled user dll's ...
Registered in 0.000713 seconds.
Begin MonoManager ReloadAssembly
Native extension for WindowsStandalone target not found
Native extension for WebGL target not found
Refreshing native plugins compatible for Editor in 0.45 ms, found 0 plugins.
Preloading 0 native plugins for Editor in 0.00 ms.
Invoked RoslynAnalysisRunner static constructor.
RoslynAnalysisRunner will not be running.
RoslynAnalysisRunner has terminated.
Mono: successfully reloaded assembly
- Completed reload, in  0.876 seconds
Platform modules already initialized, skipping
Refreshing native plugins compatible for Editor in 0.25 ms, found 0 plugins.
Preloading 0 native plugins for Editor in 0.00 ms.
Unloading 1111 Unused Serialized files (Serialized files now loaded: 0)
System memory in use before: 60.7 MB.
System memory in use after: 60.8 MB.

Unloading 5 unused Assets to reduce memory usage. Loaded Objects now: 1641.
Total: 2.451200 ms (FindLiveObjects: 0.172900 ms CreateObjectMapping: 0.039800 ms MarkObjects: 2.181100 ms  DeleteObjects: 0.056300 ms)

========================================================================
Received Prepare
Registering precompiled user dll's ...
Registered in 0.000557 seconds.
Begin MonoManager ReloadAssembly
Native extension for WindowsStandalone target not found
Native extension for WebGL target not found
Refreshing native plugins compatible for Editor in 0.33 ms, found 0 plugins.
Preloading 0 native plugins for Editor in 0.00 ms.
Invoked RoslynAnalysisRunner static constructor.
RoslynAnalysisRunner will not be running.
RoslynAnalysisRunner has terminated.
Mono: successfully reloaded assembly
- Completed reload, in  1.153 seconds
Platform modules already initialized, skipping
Refreshing native plugins compatible for Editor in 0.30 ms, found 0 plugins.
Preloading 0 native plugins for Editor in 0.00 ms.
Unloading 1111 Unused Serialized files (Serialized files now loaded: 0)
System memory in use before: 60.7 MB.
System memory in use after: 60.8 MB.

Unloading 5 unused Assets to reduce memory usage. Loaded Objects now: 1644.
Total: 2.863600 ms (FindLiveObjects: 0.342300 ms CreateObjectMapping: 0.111900 ms MarkObjects: 2.342100 ms  DeleteObjects: 0.065900 ms)

========================================================================
Received Prepare
Registering precompiled user dll's ...
Registered in 0.000606 seconds.
Begin MonoManager ReloadAssembly
Native extension for WindowsStandalone target not found
Native extension for WebGL target not found
Refreshing native plugins compatible for Editor in 0.88 ms, found 0 plugins.
Preloading 0 native plugins for Editor in 0.00 ms.
Invoked RoslynAnalysisRunner static constructor.
RoslynAnalysisRunner will not be running.
RoslynAnalysisRunner has terminated.
Mono: successfully reloaded assembly
- Completed reload, in  0.948 seconds
Platform modules already initialized, skipping
Refreshing native plugins compatible for Editor in 0.27 ms, found 0 plugins.
Preloading 0 native plugins for Editor in 0.00 ms.
Unloading 1111 Unused Serialized files (Serialized files now loaded: 0)
System memory in use before: 60.7 MB.
System memory in use after: 60.8 MB.

Unloading 5 unused Assets to reduce memory usage. Loaded Objects now: 1647.
Total: 2.823800 ms (FindLiveObjects: 0.482700 ms CreateObjectMapping: 0.052300 ms MarkObjects: 2.202900 ms  DeleteObjects: 0.083400 ms)

========================================================================
Received Prepare
Registering precompiled user dll's ...
Registered in 0.000544 seconds.
Begin MonoManager ReloadAssembly
Native extension for WindowsStandalone target not found
Native extension for WebGL target not found
Refreshing native plugins compatible for Editor in 0.24 ms, found 0 plugins.
Preloading 0 native plugins for Editor in 0.00 ms.
Invoked RoslynAnalysisRunner static constructor.
RoslynAnalysisRunner will not be running.
RoslynAnalysisRunner has terminated.
Mono: successfully reloaded assembly
- Completed reload, in  0.847 seconds
Platform modules already initialized, skipping
Refreshing native plugins compatible for Editor in 0.23 ms, found 0 plugins.
Preloading 0 native plugins for Editor in 0.00 ms.
Unloading 1111 Unused Serialized files (Serialized files now loaded: 0)
System memory in use before: 60.7 MB.
System memory in use after: 60.8 MB.

Unloading 5 unused Assets to reduce memory usage. Loaded Objects now: 1650.
Total: 1.716300 ms (FindLiveObjects: 0.150200 ms CreateObjectMapping: 0.039500 ms MarkObjects: 1.442200 ms  DeleteObjects: 0.083200 ms)

========================================================================
Received Prepare
Registering precompiled user dll's ...
Registered in 0.000710 seconds.
Begin MonoManager ReloadAssembly
Native extension for WindowsStandalone target not found
Native extension for WebGL target not found
Refreshing native plugins compatible for Editor in 0.48 ms, found 0 plugins.
Preloading 0 native plugins for Editor in 0.00 ms.
Invoked RoslynAnalysisRunner static constructor.
RoslynAnalysisRunner will not be running.
RoslynAnalysisRunner has terminated.
Mono: successfully reloaded assembly
- Completed reload, in  0.974 seconds
Platform modules already initialized, skipping
Refreshing native plugins compatible for Editor in 0.25 ms, found 0 plugins.
Preloading 0 native plugins for Editor in 0.00 ms.
Unloading 1111 Unused Serialized files (Serialized files now loaded: 0)
System memory in use before: 60.7 MB.
System memory in use after: 60.8 MB.

Unloading 5 unused Assets to reduce memory usage. Loaded Objects now: 1653.
Total: 1.826900 ms (FindLiveObjects: 0.155200 ms CreateObjectMapping: 0.040400 ms MarkObjects: 1.576100 ms  DeleteObjects: 0.054000 ms)

========================================================================
Received Prepare
Registering precompiled user dll's ...
Registered in 0.000671 seconds.
Begin MonoManager ReloadAssembly
Native extension for WindowsStandalone target not found
Native extension for WebGL target not found
Refreshing native plugins compatible for Editor in 0.23 ms, found 0 plugins.
Preloading 0 native plugins for Editor in 0.00 ms.
Invoked RoslynAnalysisRunner static constructor.
RoslynAnalysisRunner will not be running.
RoslynAnalysisRunner has terminated.
Mono: successfully reloaded assembly
- Completed reload, in  0.990 seconds
Platform modules already initialized, skipping
Refreshing native plugins compatible for Editor in 0.24 ms, found 0 plugins.
Preloading 0 native plugins for Editor in 0.00 ms.
Unloading 1111 Unused Serialized files (Serialized files now loaded: 0)
System memory in use before: 60.8 MB.
System memory in use after: 60.8 MB.

Unloading 5 unused Assets to reduce memory usage. Loaded Objects now: 1656.
Total: 3.153300 ms (FindLiveObjects: 0.339500 ms CreateObjectMapping: 0.144000 ms MarkObjects: 2.584000 ms  DeleteObjects: 0.083900 ms)

AssetImportWorkerClient::OnTransportError - code=2 error=End of file
